#
# There is insufficient memory for the Java Runtime Environment to continue.
# Native memory allocation (mmap) failed to map 134217728 bytes for G1 virtual space
# Possible reasons:
#   The system is out of physical RAM or swap space
#   The process is running with CompressedOops enabled, and the Java Heap may be blocking the growth of the native heap
# Possible solutions:
#   Reduce memory load on the system
#   Increase physical memory or swap space
#   Check if swap backing store is full
#   Decrease Java heap size (-Xmx/-Xms)
#   Decrease number of Java threads
#   Decrease Java thread stack sizes (-Xss)
#   Set larger code cache with -XX:ReservedCodeCacheSize=
#   JVM is running with Unscaled Compressed Oops mode in which the Java heap is
#     placed in the first 4GB address space. The Java Heap base address is the
#     maximum limit for the native heap growth. Please use -XX:HeapBaseMinAddress
#     to set the Java Heap base and to place the Java Heap above 4GB virtual address.
# This output file may be truncated or incomplete.
#
#  Out of Memory Error (os_windows.cpp:3532), pid=54512, tid=48808
#
# JRE version:  (17.0.2+8) (build )
# Java VM: OpenJDK 64-Bit Server VM (17.0.2+8, mixed mode, sharing, tiered, compressed oops, compressed class ptrs, g1 gc, windows-amd64)
# No core dump will be written. Minidumps are not enabled by default on client versions of Windows
#

---------------  S U M M A R Y ------------

Command Line: -Dfile.encoding=Cp1252 -XX:+ShowCodeDetailsInExceptionMessages starttPractice.DatePicker

Host: Intel(R) Core(TM) i5-9300HF CPU @ 2.40GHz, 8 cores, 7G,  Windows 11 , 64 bit Build 22621 (10.0.22621.2428)
Time: Thu Nov 23 15:03:09 2023 India Standard Time elapsed time: 0.023256 seconds (0d 0h 0m 0s)

---------------  T H R E A D  ---------------

Current thread (0x00000275434e3600):  JavaThread "Unknown thread" [_thread_in_vm, id=48808, stack(0x000000cb2c600000,0x000000cb2c700000)]

Stack: [0x000000cb2c600000,0x000000cb2c700000]
Native frames: (J=compiled Java code, j=interpreted, Vv=VM code, C=native code)
V  [jvm.dll+0x67564a]
V  [jvm.dll+0x82fc04]
V  [jvm.dll+0x8313ae]
V  [jvm.dll+0x831a13]
V  [jvm.dll+0x245235]
V  [jvm.dll+0x672539]
V  [jvm.dll+0x666e82]
V  [jvm.dll+0x30401b]
V  [jvm.dll+0x30b566]
V  [jvm.dll+0x35b1fe]
V  [jvm.dll+0x35b42f]
V  [jvm.dll+0x2daf58]
V  [jvm.dll+0x2dbec4]
V  [jvm.dll+0x801881]
V  [jvm.dll+0x368f81]
V  [jvm.dll+0x7e0cdc]
V  [jvm.dll+0x3eb8bf]
V  [jvm.dll+0x3ed441]
C  [jli.dll+0x5277]
C  [ucrtbase.dll+0x29363]
C  [KERNEL32.DLL+0x1257d]
C  [ntdll.dll+0x5aa78]


---------------  P R O C E S S  ---------------

Threads class SMR info:
_java_thread_list=0x00007ff9af0b5e98, length=0, elements={
}

Java Threads: ( => current thread )

Other Threads:
  0x0000027543527270 GCTaskThread "GC Thread#0" [stack: 0x000000cb2c700000,0x000000cb2c800000] [id=37624]
  0x0000027543538710 ConcurrentGCThread "G1 Main Marker" [stack: 0x000000cb2c800000,0x000000cb2c900000] [id=34996]
  0x0000027543539130 ConcurrentGCThread "G1 Conc#0" [stack: 0x000000cb2c900000,0x000000cb2ca00000] [id=45088]

[error occurred during error reporting (printing all threads), id 0xc0000005, EXCEPTION_ACCESS_VIOLATION (0xc0000005) at pc=0x00007ff9ae88b9d7]

VM state: not at safepoint (not fully initialized)

VM Mutex/Monitor currently owned by a thread:  ([mutex/lock_event])
[0x00000275434e02f0] Heap_lock - owner thread: 0x00000275434e3600

Heap address: 0x0000000081200000, size: 2030 MB, Compressed Oops mode: 32-bit

CDS archive(s) mapped at: [0x0000000000000000-0x0000000000000000-0x0000000000000000), size 0, SharedBaseAddress: 0x0000000800000000, ArchiveRelocationMode: 0.
Narrow klass base: 0x0000000000000000, Narrow klass shift: 0, Narrow klass range: 0x0

GC Precious Log:
<Empty>

Heap:
 garbage-first heap   total 0K, used 0K [0x0000000081200000, 0x0000000100000000)
  region size 1024K, 0 young (0K), 0 survivors (0K)

[error occurred during error reporting (printing heap information), id 0xc0000005, EXCEPTION_ACCESS_VIOLATION (0xc0000005) at pc=0x00007ff9aec6e899]

GC Heap History (0 events):
No events

Deoptimization events (0 events):
No events

Classes unloaded (0 events):
No events

Classes redefined (0 events):
No events

Internal exceptions (0 events):
No events

VM Operations (0 events):
No events

Events (1 events):
Event: 0.015 Loaded shared library C:\Users\RUPESH\.p2\pool\plugins\org.eclipse.justj.openjdk.hotspot.jre.full.win32.x86_64_17.0.2.v20220201-1208\jre\bin\java.dll


Dynamic libraries:
0x00007ff70e3e0000 - 0x00007ff70e3ee000 	C:\Users\RUPESH\.p2\pool\plugins\org.eclipse.justj.openjdk.hotspot.jre.full.win32.x86_64_17.0.2.v20220201-1208\jre\bin\javaw.exe
0x00007ffa02df0000 - 0x00007ffa03007000 	C:\WINDOWS\SYSTEM32\ntdll.dll
0x00007ff9ca650000 - 0x00007ff9ca669000 	C:\Program Files\Avast Software\Avast\aswhook.dll
0x00007ffa02a60000 - 0x00007ffa02b24000 	C:\WINDOWS\System32\KERNEL32.DLL
0x00007ffa00630000 - 0x00007ffa009d6000 	C:\WINDOWS\System32\KERNELBASE.dll
0x00007ffa002d0000 - 0x00007ffa003e1000 	C:\WINDOWS\System32\ucrtbase.dll
0x00007ff9ea800000 - 0x00007ff9ea819000 	C:\Users\RUPESH\.p2\pool\plugins\org.eclipse.justj.openjdk.hotspot.jre.full.win32.x86_64_17.0.2.v20220201-1208\jre\bin\VCRUNTIME140.dll
0x00007ff9f2540000 - 0x00007ff9f2558000 	C:\Users\RUPESH\.p2\pool\plugins\org.eclipse.justj.openjdk.hotspot.jre.full.win32.x86_64_17.0.2.v20220201-1208\jre\bin\jli.dll
0x00007ffa00e80000 - 0x00007ffa0102d000 	C:\WINDOWS\System32\USER32.dll
0x00007ffa00170000 - 0x00007ffa00196000 	C:\WINDOWS\System32\win32u.dll
0x00007ff9e83e0000 - 0x00007ff9e8673000 	C:\WINDOWS\WinSxS\amd64_microsoft.windows.common-controls_6595b64144ccf1df_6.0.22621.2361_none_2712ced57382f843\COMCTL32.dll
0x00007ffa00c10000 - 0x00007ffa00c39000 	C:\WINDOWS\System32\GDI32.dll
0x00007ffa00b50000 - 0x00007ffa00bf7000 	C:\WINDOWS\System32\msvcrt.dll
0x00007ffa00470000 - 0x00007ffa00588000 	C:\WINDOWS\System32\gdi32full.dll
0x00007ffa00590000 - 0x00007ffa0062a000 	C:\WINDOWS\System32\msvcp_win.dll
0x00007ffa014d0000 - 0x00007ffa01501000 	C:\WINDOWS\System32\IMM32.DLL
0x00007ff9f4b30000 - 0x00007ff9f4b3c000 	C:\Users\RUPESH\.p2\pool\plugins\org.eclipse.justj.openjdk.hotspot.jre.full.win32.x86_64_17.0.2.v20220201-1208\jre\bin\vcruntime140_1.dll
0x00007ff9dfb40000 - 0x00007ff9dfbd1000 	C:\Users\RUPESH\.p2\pool\plugins\org.eclipse.justj.openjdk.hotspot.jre.full.win32.x86_64_17.0.2.v20220201-1208\jre\bin\msvcp140.dll
0x00007ff9ae5a0000 - 0x00007ff9af1e7000 	C:\Users\RUPESH\.p2\pool\plugins\org.eclipse.justj.openjdk.hotspot.jre.full.win32.x86_64_17.0.2.v20220201-1208\jre\bin\server\jvm.dll
0x00007ffa00ca0000 - 0x00007ffa00d50000 	C:\WINDOWS\System32\ADVAPI32.dll
0x00007ffa01880000 - 0x00007ffa01926000 	C:\WINDOWS\System32\sechost.dll
0x00007ffa02050000 - 0x00007ffa02167000 	C:\WINDOWS\System32\RPCRT4.dll
0x00007ffa01470000 - 0x00007ffa01478000 	C:\WINDOWS\System32\PSAPI.DLL
0x00007ff9f7ae0000 - 0x00007ff9f7aea000 	C:\WINDOWS\SYSTEM32\VERSION.dll
0x00007ff9f88a0000 - 0x00007ff9f88d4000 	C:\WINDOWS\SYSTEM32\WINMM.dll
0x00007ff9f4740000 - 0x00007ff9f4749000 	C:\WINDOWS\SYSTEM32\WSOCK32.dll
0x00007ffa01fd0000 - 0x00007ffa02041000 	C:\WINDOWS\System32\WS2_32.dll
0x00007ff9ff2a0000 - 0x00007ff9ff2b8000 	C:\WINDOWS\SYSTEM32\kernel.appcore.dll
0x00007ff9fac80000 - 0x00007ff9fac8a000 	C:\Users\RUPESH\.p2\pool\plugins\org.eclipse.justj.openjdk.hotspot.jre.full.win32.x86_64_17.0.2.v20220201-1208\jre\bin\jimage.dll
0x00007ff9fdad0000 - 0x00007ff9fdcfe000 	C:\WINDOWS\SYSTEM32\DBGHELP.DLL
0x00007ffa010e0000 - 0x00007ffa0146a000 	C:\WINDOWS\System32\combase.dll
0x00007ffa02c50000 - 0x00007ffa02d27000 	C:\WINDOWS\System32\OLEAUT32.dll
0x00007ff9f5d60000 - 0x00007ff9f5d92000 	C:\WINDOWS\SYSTEM32\dbgcore.DLL
0x00007ffa003f0000 - 0x00007ffa0046a000 	C:\WINDOWS\System32\bcryptPrimitives.dll
0x00007ff9f8be0000 - 0x00007ff9f8c05000 	C:\Users\RUPESH\.p2\pool\plugins\org.eclipse.justj.openjdk.hotspot.jre.full.win32.x86_64_17.0.2.v20220201-1208\jre\bin\java.dll

dbghelp: loaded successfully - version: 4.0.5 - missing functions: none
symbol engine: initialized successfully - sym options: 0x614 - pdb path: .;C:\Users\RUPESH\.p2\pool\plugins\org.eclipse.justj.openjdk.hotspot.jre.full.win32.x86_64_17.0.2.v20220201-1208\jre\bin;C:\WINDOWS\SYSTEM32;C:\Program Files\Avast Software\Avast;C:\WINDOWS\WinSxS\amd64_microsoft.windows.common-controls_6595b64144ccf1df_6.0.22621.2361_none_2712ced57382f843;C:\Users\RUPESH\.p2\pool\plugins\org.eclipse.justj.openjdk.hotspot.jre.full.win32.x86_64_17.0.2.v20220201-1208\jre\bin\server

VM Arguments:
jvm_args: -Dfile.encoding=Cp1252 -XX:+ShowCodeDetailsInExceptionMessages 
java_command: starttPractice.DatePicker
java_class_path (initial): C:\Users\RUPESH\eclipse-workspace\NewSelinium\target\classes;C:\Users\RUPESH\eclipse-workspace\Selinium files\selenium-java-4.15.0\selenium-api-4.15.0.jar;C:\Users\RUPESH\eclipse-workspace\Selinium files\selenium-java-4.15.0\selenium-api-4.15.0-sources.jar;C:\Users\RUPESH\eclipse-workspace\Selinium files\selenium-java-4.15.0\selenium-chrome-driver-4.15.0.jar;C:\Users\RUPESH\eclipse-workspace\Selinium files\selenium-java-4.15.0\selenium-chrome-driver-4.15.0-sources.jar;C:\Users\RUPESH\eclipse-workspace\Selinium files\selenium-java-4.15.0\selenium-chromium-driver-4.15.0.jar;C:\Users\RUPESH\eclipse-workspace\Selinium files\selenium-java-4.15.0\selenium-chromium-driver-4.15.0-sources.jar;C:\Users\RUPESH\eclipse-workspace\Selinium files\selenium-java-4.15.0\selenium-devtools-v85-4.15.0.jar;C:\Users\RUPESH\eclipse-workspace\Selinium files\selenium-java-4.15.0\selenium-devtools-v85-4.15.0-sources.jar;C:\Users\RUPESH\eclipse-workspace\Selinium files\selenium-java-4.15.0\selenium-devtools-v117-4.15.0.jar;C:\Users\RUPESH\eclipse-workspace\Selinium files\selenium-java-4.15.0\selenium-devtools-v117-4.15.0-sources.jar;C:\Users\RUPESH\eclipse-workspace\Selinium files\selenium-java-4.15.0\selenium-devtools-v118-4.15.0.jar;C:\Users\RUPESH\eclipse-workspace\Selinium files\selenium-java-4.15.0\selenium-devtools-v118-4.15.0-sources.jar;C:\Users\RUPESH\eclipse-workspace\Selinium files\selenium-java-4.15.0\selenium-devtools-v119-4.15.0.jar;C:\Users\RUPESH\eclipse-workspace\Selinium files\selenium-java-4.15.0\selenium-devtools-v119-4.15.0-sources.jar;C:\Users\RUPESH\eclipse-workspace\Selinium files\selenium-java-4.15.0\selenium-edge-driver-4.15.0.jar;C:\Users\RUPESH\eclipse-workspace\Selinium files\selenium-java-4.15.0\selenium-edge-driver-4.15.0-sources.jar;C:\Users\RUPESH\eclipse-workspace\Selinium files\selenium-java-4.15.0\selenium-firefox-driver-4.15.0.jar;C:\Users\RUPESH\eclipse-workspace\Selinium files\selenium-java-4.15.0\selenium-firefox-driver-4.15.
Launcher Type: SUN_STANDARD

[Global flags]
     intx CICompilerCount                          = 4                                         {product} {ergonomic}
     uint ConcGCThreads                            = 2                                         {product} {ergonomic}
     uint G1ConcRefinementThreads                  = 8                                         {product} {ergonomic}
   size_t G1HeapRegionSize                         = 1048576                                   {product} {ergonomic}
    uintx GCDrainStackTargetSize                   = 64                                        {product} {ergonomic}
   size_t InitialHeapSize                          = 134217728                                 {product} {ergonomic}
   size_t MarkStackSize                            = 4194304                                   {product} {ergonomic}
   size_t MaxHeapSize                              = 2128609280                                {product} {ergonomic}
   size_t MinHeapDeltaBytes                        = 1048576                                   {product} {ergonomic}
   size_t MinHeapSize                              = 8388608                                   {product} {ergonomic}
    uintx NonNMethodCodeHeapSize                   = 5839372                                {pd product} {ergonomic}
    uintx NonProfiledCodeHeapSize                  = 122909434                              {pd product} {ergonomic}
    uintx ProfiledCodeHeapSize                     = 122909434                              {pd product} {ergonomic}
    uintx ReservedCodeCacheSize                    = 251658240                              {pd product} {ergonomic}
     bool SegmentedCodeCache                       = true                                      {product} {ergonomic}
     bool ShowCodeDetailsInExceptionMessages       = true                                   {manageable} {command line}
   size_t SoftMaxHeapSize                          = 2128609280                             {manageable} {ergonomic}
     bool UseCompressedClassPointers               = true                           {product lp64_product} {ergonomic}
     bool UseCompressedOops                        = true                           {product lp64_product} {ergonomic}
     bool UseG1GC                                  = true                                      {product} {ergonomic}
     bool UseLargePagesIndividualAllocation        = false                                  {pd product} {ergonomic}

Logging:
Log output configuration:
 #0: stdout all=warning uptime,level,tags
 #1: stderr all=off uptime,level,tags

Environment Variables:
JAVA_HOME=C:\Program Files\Java\jdk-18.0.1
PATH=C:/Users/RUPESH/.p2/pool/plugins/org.eclipse.justj.openjdk.hotspot.jre.full.win32.x86_64_17.0.2.v20220201-1208/jre/bin/server;C:/Users/RUPESH/.p2/pool/plugins/org.eclipse.justj.openjdk.hotspot.jre.full.win32.x86_64_17.0.2.v20220201-1208/jre/bin;C:\Program Files\Common Files\Oracle\Java\javapath;C:\Windows\system32;C:\Windows;C:\Windows\System32\Wbem;C:\Windows\System32\WindowsPowerShell\v1.0\;C:\Windows\System32\OpenSSH\;C:\Program Files (x86)\NVIDIA Corporation\PhysX\Common;C:\Program Files\NVIDIA Corporation\NVIDIA NvDLISR;C:\WINDOWS\system32;C:\WINDOWS;C:\WINDOWS\System32\Wbem;C:\WINDOWS\System32\WindowsPowerShell\v1.0\;C:\WINDOWS\System32\OpenSSH\;C:\Program Files\Microsoft SQL Server\Client SDK\ODBC\170\Tools\Binn\;C:\Program Files (x86)\Microsoft SQL Server\150\Tools\Binn\;C:\Program Files\Microsoft SQL Server\150\Tools\Binn\;C:\Program Files\Microsoft SQL Server\150\DTS\Binn\;C:\Program Files\Azure Data Studio\bin;C:\apache-maven-3.8.6-bin\apache-maven-3.8.6\bin;C:\Program Files\Java\jdk-18.0.1\bin;C:\Program Files\nodejs\;C:\Users\RUPESH\AppData\Local\Microsoft\WindowsApps;C:\Users\RUPESH\AppData\Local\Programs\Git\cmd;C:\Users\RUPESH\AppData\Roaming\npm;;C:\Users\RUPESH\OneDrive\Desktop;
USERNAME=RUPESH
OS=Windows_NT
PROCESSOR_IDENTIFIER=Intel64 Family 6 Model 158 Stepping 13, GenuineIntel



---------------  S Y S T E M  ---------------

OS:
 Windows 11 , 64 bit Build 22621 (10.0.22621.2428)
OS uptime: 8 days 14:06 hours

CPU: total 8 (initial active 8) (4 cores per cpu, 2 threads per core) family 6 model 158 stepping 13 microcode 0xea, cx8, cmov, fxsr, ht, mmx, 3dnowpref, sse, sse2, sse3, ssse3, sse4.1, sse4.2, popcnt, lzcnt, tsc, tscinvbit, avx, avx2, aes, erms, clmul, bmi1, bmi2, adx, fma, vzeroupper, clflush, clflushopt

Memory: 4k page, system-wide physical 8112M (415M free)
TotalPageFile size 32688M (AvailPageFile size 93M)
current process WorkingSet (physical memory assigned to process): 11M, peak: 11M
current process commit charge ("private bytes"): 60M, peak: 188M

vm_info: OpenJDK 64-Bit Server VM (17.0.2+8) for windows-amd64 JRE (17.0.2+8), built on Jan 20 2022 04:52:34 by "" with MS VC++ 16.7 (VS2019)

END.
